build/app/outputs/mapping/release/seeds.txt
me.g3it.pharmaaccess.MainActivity: MainActivity()
me.g3it.pharmaaccess.MainActivity
...
androidx.core.R$id: int accessibility_custom_action_27
com.google.android.gms.internal.measurement.zzfi: java.lang.String zzj
org.threeten.bp.ZonedDateTime: java.lang.Object readResolve()
android.support.v4.media.AudioAttributesImplApi26Parcelizer
androidx.window.core.Bounds: int right
kotlinx.coroutines.internal.AtomicOp: java.lang.Object _consensus
com.google.android.gms.internal.measurement.zzgt
com.google.android.gms.measurement.internal.AppMeasurementDynamiteService: void getTestFlag(com.google.android.gms.internal.measurement.zzcf,int)
io.flutter.plugin.platform.SingleViewPresentation: boolean startFocused
androidx.window.layout.SidecarCompat: java.util.Map access$getWindowListenerRegisteredContexts$p(androidx.window.layout.SidecarCompat)
com.dexterous.flutterlocalnotifications.models.NotificationChannelDetails: com.dexterous.flutterlocalnotifications.models.SoundSource soundSource
androidx.window.layout.WindowInfoTrackerImpl$windowLayoutInfo$1: java.lang.Object invokeSuspend(java.lang.Object)
org.threeten.bp.chrono.IsoChronology
androidx.window.R$styleable: int SplitPairRule_splitMinWidth
androidx.window.layout.WindowMetrics: WindowMetrics(androidx.window.core.Bounds)
io.github.ponnamkarthik.toast.fluttertoast.R$id: int tag_transition_group
com.dexterous.flutterlocalnotifications.models.DateTimeComponents: com.dexterous.flutterlocalnotifications.models.DateTimeComponents DayOfWeekAndTime
androidx.window.layout.ExtensionWindowLayoutInfoBackend$MulticastConsumer: android.app.Activity activity
com.dexterous.flutterlocalnotifications.models.DateTimeComponents: com.dexterous.flutterlocalnotifications.models.DateTimeComponents[] values()
com.google.android.gms.cloudmessaging.CloudMessage: android.os.Parcelable$Creator CREATOR
com.dexterous.flutterlocalnotifications.models.NotificationDetails: java.lang.String DAY
androidx.window.layout.DisplayCompatHelperApi28: int safeInsetRight(android.view.DisplayCutout)
androidx.core.R$id: int accessibility_custom_action_12
com.dexterous.flutterlocalnotifications.RuntimeTypeAdapterFactory: RuntimeTypeAdapterFactory(java.lang.Class,java.lang.String)
kotlin.jvm.internal.CallableReference: java.util.List getTypeParameters()
com.dexterous.flutterlocalnotifications.models.NotificationChannelAction: com.dexterous.flutterlocalnotifications.models.NotificationChannelAction[] $VALUES
io.flutter.plugin.editing.ImeSyncDeferringInsetsCallback: android.view.WindowInsets access$402(io.flutter.plugin.editing.ImeSyncDeferringInsetsCallback,android.view.WindowInsets)
androidx.window.layout.FoldingFeature: androidx.window.layout.FoldingFeature$Orientation getOrientation()
org.chromium.support_lib_boundary.WebkitToCompatConverterBoundaryInterface: java.lang.reflect.InvocationHandler convertWebResourceRequest(android.webkit.WebResourceRequest)
io.flutter.view.AccessibilityViewEmbedder: void setFlutterNodesTranslateBounds(android.view.accessibility.AccessibilityNodeInfo,android.graphics.Rect,android.view.accessibility.AccessibilityNodeInfo)
com.google.firebase.installations.remote.TokenResult$ResponseCode: com.google.firebase.installations.remote.TokenResult$ResponseCode[] values()
com.dexterous.flutterlocalnotifications.FlutterLocalNotificationsPlugin: java.lang.String SHOW_DAILY_AT_TIME_METHOD
com.dexterous.flutterlocalnotifications.models.NotificationChannelDetails: java.lang.Boolean enableLights
kotlin.coroutines.jvm.internal.ContinuationImpl: kotlin.coroutines.Continuation intercepted
androidx.window.core.Version$Companion: Version$Companion()
io.flutter.embedding.engine.renderer.FlutterRenderer$DisplayFeatureType: io.flutter.embedding.engine.renderer.FlutterRenderer$DisplayFeatureType[] values()
androidx.window.core.Bounds: Bounds(int,int,int,int)
androidx.media.R$layout: int notification_template_media
com.dexterous.flutterlocalnotifications.models.MessageDetails: java.lang.Long timestamp
com.dexterous.flutterlocalnotifications.models.NotificationDetails: java.lang.String category