build/app/outputs/mapping/release/mapping.txt
# compiler: R8
# compiler_version: 2.0.99
# min_api: 21
# pg_map_id: 6984346
# common_typos_disable
me.g3it.pharmaaccess.MainActivity -> me.g3it.pharmaaccess.MainActivity:
    void configureFlutterEngine(io.flutter.embedding.engine.FlutterEngine) -> z
...
com.google.android.gms.measurement.internal.zzeq -> com.google.android.gms.measurement.internal.v3:
    java.util.Map zzf -> q
    java.net.URL zzb -> m
    com.google.android.gms.measurement.internal.zzer zza -> r
    byte[] zzc -> n
    com.google.android.gms.measurement.internal.zzen zzd -> o
    java.lang.String zze -> p
com.google.android.gms.measurement.internal.zzer -> com.google.android.gms.measurement.internal.w3:
    boolean zzb() -> l
    boolean zza() -> m
com.google.android.gms.measurement.internal.zzes -> com.google.android.gms.measurement.internal.x3:
    boolean zza -> m
    com.google.android.gms.measurement.internal.zzet zzb -> n
com.google.android.gms.measurement.internal.zzet -> com.google.android.gms.measurement.internal.y3:
    com.google.android.gms.measurement.internal.zzks zzb -> a
    boolean zzc -> b
    boolean zzd -> c
    com.google.android.gms.measurement.internal.zzks zza(com.google.android.gms.measurement.internal.zzet) -> a
    void zzb() -> b
    void zzc() -> c
com.google.android.gms.measurement.internal.zzeu -> com.google.android.gms.measurement.internal.z3:
    java.lang.String zzb -> a
    com.google.android.gms.measurement.internal.zzfa zza -> e
    boolean zzc -> b
    boolean zzd -> c
    boolean zze -> d
    void zza(boolean) -> a
    boolean zzb() -> b
com.google.android.gms.measurement.internal.zzev -> com.google.android.gms.measurement.internal.a4:
    android.os.Bundle zzd -> c
    android.os.Bundle zzc -> b
    com.google.android.gms.measurement.internal.zzfa zza -> d
    java.lang.String zzb -> a
    android.os.Bundle zza() -> a
    void zzb(android.os.Bundle) -> b
com.google.android.gms.measurement.internal.zzew -> com.google.android.gms.measurement.internal.b4:
    long zzc -> b
    java.lang.String zzb -> a
    long zze -> d
    com.google.android.gms.measurement.internal.zzfa zza -> e
    boolean zzd -> c
    long zza() -> a
    void zzb(long) -> b
com.google.android.gms.measurement.internal.zzex -> com.google.android.gms.measurement.internal.c4:
com.google.android.gms.measurement.internal.zzey -> com.google.android.gms.measurement.internal.d4:
    java.lang.String zza -> a
    long zze -> d
    com.google.android.gms.measurement.internal.zzfa zzb -> e
    java.lang.String zzd -> c
    java.lang.String zzc -> b
    android.util.Pair zza() -> a
    void zzb(java.lang.String,long) -> b
    long zzc() -> c
    void zzd() -> d
com.google.android.gms.measurement.internal.zzez -> com.google.android.gms.measurement.internal.e4:
    com.google.android.gms.measurement.internal.zzfa zza -> d
    java.lang.String zzb -> a
    java.lang.String zzd -> c
    boolean zzc -> b
    java.lang.String zza() -> a
    void zzb(java.lang.String) -> b
com.google.android.gms.measurement.internal.zzf -> com.google.android.gms.measurement.internal.f4:
    boolean zza -> b
    void zza() -> i
    void zzb() -> j
    void zzc() -> k
    void zzd() -> l
    boolean zze() -> m
    boolean zzf() -> n