build/app/outputs/mapping/release/usage.txt
me.g3it.pharmaaccess.R$xml
me.g3it.pharmaaccess.R$string
me.g3it.pharmaaccess.R$integer
me.g3it.pharmaaccess.R$mipmap
me.g3it.pharmaaccess.R$id
me.g3it.pharmaaccess.R
me.g3it.pharmaaccess.BuildConfig
me.g3it.pharmaaccess.R$dimen
me.g3it.pharmaaccess.R$style
me.g3it.pharmaaccess.R$color
me.g3it.pharmaaccess.R$raw
me.g3it.pharmaaccess.R$attr
me.g3it.pharmaaccess.R$drawable
me.g3it.pharmaaccess.R$layout
me.g3it.pharmaaccess.R$bool
me.g3it.pharmaaccess.R$styleable
...
com.google.common.base.AbstractIterator$State
androidx.core.os.LocaleListInterface
kotlin.random.URandomKt
io.flutter.plugins.webviewflutter.InputAwareWebView:
    private static final java.lang.String TAG
kotlin.jvm.internal.LongSpreadBuilder
com.google.android.gms.dynamic.LifecycleDelegate
com.google.firebase.crashlytics.internal.common.SessionReportingCoordinator:
    public void onLog(long,java.lang.String)
    public void onCustomKey(java.lang.String,java.lang.String)
    public void onUserId(java.lang.String)
    private static final java.lang.String EVENT_TYPE_CRASH
    private static final java.lang.String EVENT_TYPE_LOGGED
    private static final int EVENT_THREAD_IMPORTANCE
    private static final int MAX_CHAINED_EXCEPTION_DEPTH
    private static final int DEFAULT_BUFFER_SIZE
com.google.android.exoplayer2.ExoPlayerImplInternal:
    public void experimentalSetReleaseTimeoutMs(long)
    public void experimentalSetOffloadSchedulingEnabled(boolean)
    public void setPauseAtEndOfWindow(boolean)
    public void setShuffleModeEnabled(boolean)
    public void setSeekParameters(com.google.android.exoplayer2.SeekParameters)
    public void addMediaSources(int,java.util.List,com.google.android.exoplayer2.source.ShuffleOrder)
    public void moveMediaSources(int,int,int,com.google.android.exoplayer2.source.ShuffleOrder)
    public void setShuffleOrder(com.google.android.exoplayer2.source.ShuffleOrder)
    public synchronized boolean setForegroundMode(boolean)
    public void onTrackSelectionsInvalidated()
    private static final java.lang.String TAG
    private static final int MSG_PREPARE
    private static final int MSG_SET_PLAY_WHEN_READY
    private static final int MSG_DO_SOME_WORK
    private static final int MSG_SEEK_TO
    private static final int MSG_SET_PLAYBACK_PARAMETERS
    private static final int MSG_SET_SEEK_PARAMETERS
    private static final int MSG_STOP
    private static final int MSG_RELEASE
    private static final int MSG_PERIOD_PREPARED
    private static final int MSG_SOURCE_CONTINUE_LOADING_REQUESTED
    private static final int MSG_TRACK_SELECTION_INVALIDATED
    private static final int MSG_SET_REPEAT_MODE
    private static final int MSG_SET_SHUFFLE_ENABLED
    private static final int MSG_SET_FOREGROUND_MODE
com.google.common.reflect.MutableTypeToInstanceMap$UnmodifiableEntry$1
com.google.j2objc.annotations.LoopTranslation$LoopStyle
com.google.common.cache.LocalCache$KeySet
com.google.common.primitives.Ints$LexicographicalComparator
com.google.common.graph.Graphs$TransposedValueGraph
com.google.common.collect.ImmutableList:
    public static com.google.common.collect.ImmutableList of(java.lang.Object,java.lang.Object)
    public static com.google.common.collect.ImmutableList of(java.lang.Object,java.lang.Object,java.lang.Object)
    public static com.google.common.collect.ImmutableList of(java.lang.Object,java.lang.Object,java.lang.Object,java.lang.Object)
    public static com.google.common.collect.ImmutableList of(java.lang.Object,java.lang.Object,java.lang.Object,java.lang.Object,java.lang.Object,java.lang.Object)
    public static com.google.common.collect.ImmutableList of(java.lang.Object,java.lang.Object,java.lang.Object,java.lang.Object,java.lang.Object,java.lang.Object,java.lang.Object)
    public static com.google.common.collect.ImmutableList of(java.lang.Object,java.lang.Object,java.lang.Object,java.lang.Object,java.lang.Object,java.lang.Object,java.lang.Object,java.lang.Object)
    public static com.google.common.collect.ImmutableList of(java.lang.Object,java.lang.Object,java.lang.Object,java.lang.Object,java.lang.Object,java.lang.Object,java.lang.Object,java.lang.Object,java.lang.Object)
    public static com.google.common.collect.ImmutableList of(java.lang.Object,java.lang.Object,java.lang.Object,java.lang.Object,java.lang.Object,java.lang.Object,java.lang.Object,java.lang.Object,java.lang.Object,java.lang.Object)
io.flutter.app.FlutterActivityDelegate$ViewFactory